Elapsed time is 0.440136 seconds.
Cache freed; byte size is: 0
ALL JOB WAS DONEENTER HERE!!!!!!!!

ans =

/home/dev/rfuenzalida-tesis/tesis/framework/VOC2011/VOCdevkit/VOC2011/ImageSets/Main/%s.txt


testset =

test

bottle: testing: test 2011, 10994/10994
{Error using imread (line 350)
File "/home/dev/rfuenzalida-tesis/tesis/framework/VOC2011/VOCdevkit/VOC2011/JPEGImages/2011_003268.jpg" does not exist.

Error in pascal_test>(parfor body) (line 50)
      im = imread(sprintf(opts.imgpath, ids{i}));

Error in pascal_test (line 40)
  parfor i = 1:num_ids;

Error in pascal (line 68)
ds = pascal_test(model, testset, testyear, suffix);

Caused by:
    Error using imread (line 350)
    File "/home/dev/rfuenzalida-tesis/tesis/framework/VOC2011/VOCdevkit/VOC2011/JPEGImages/2011_003268.jpg" does not exist.
} 
cd ..
exit
