bottle: parsing positives (trainval 2011): 1/11540
bottle: parsing positives (trainval 2011): 117/11540
bottle: parsing positives (trainval 2011): 232/11540
bottle: parsing positives (trainval 2011): 357/11540
bottle: parsing positives (trainval 2011): 463/11540
bottle: parsing positives (trainval 2011): 568/11540
bottle: parsing positives (trainval 2011): 683/11540
bottle: parsing positives (trainval 2011): 761/11540
bottle: parsing positives (trainval 2011): 845/11540
bottle: parsing positives (trainval 2011): 907/11540
bottle: parsing positives (trainval 2011): 979/11540
bottle: parsing positives (trainval 2011): 1040/11540
bottle: parsing positives (trainval 2011): 1083/11540
bottle: parsing positives (trainval 2011): 1140/11540
bottle: parsing positives (trainval 2011): 1188/11540
bottle: parsing positives (trainval 2011): 1253/11540
bottle: parsing positives (trainval 2011): 1332/11540
bottle: parsing positives (trainval 2011): 1396/11540
bottle: parsing positives (trainval 2011): 1455/11540
bottle: parsing positives (trainval 2011): 1527/11540
bottle: parsing positives (trainval 2011): 1588/11540
bottle: parsing positives (trainval 2011): 1647/11540
bottle: parsing positives (trainval 2011): 1710/11540
bottle: parsing positives (trainval 2011): 1774/11540
bottle: parsing positives (trainval 2011): 1856/11540
bottle: parsing positives (trainval 2011): 1946/11540
bottle: parsing positives (trainval 2011): 2025/11540
bottle: parsing positives (trainval 2011): 2095/11540
bottle: parsing positives (trainval 2011): 2193/11540
bottle: parsing positives (trainval 2011): 2277/11540
bottle: parsing positives (trainval 2011): 2350/11540
bottle: parsing positives (trainval 2011): 2437/11540
bottle: parsing positives (trainval 2011): 2509/11540
bottle: parsing positives (trainval 2011): 2580/11540
bottle: parsing positives (trainval 2011): 2665/11540
bottle: parsing positives (trainval 2011): 2759/11540
bottle: parsing positives (trainval 2011): 2834/11540
bottle: parsing positives (trainval 2011): 2912/11540
bottle: parsing positives (trainval 2011): 2990/11540
bottle: parsing positives (trainval 2011): 3064/11540
bottle: parsing positives (trainval 2011): 3162/11540
bottle: parsing positives (trainval 2011): 3254/11540
bottle: parsing positives (trainval 2011): 3365/11540
bottle: parsing positives (trainval 2011): 3469/11540
bottle: parsing positives (trainval 2011): 3548/11540
bottle: parsing positives (trainval 2011): 3647/11540
bottle: parsing positives (trainval 2011): 3735/11540
bottle: parsing positives (trainval 2011): 3807/11540
bottle: parsing positives (trainval 2011): 3892/11540
bottle: parsing positives (trainval 2011): 3993/11540
bottle: parsing positives (trainval 2011): 4065/11540
bottle: parsing positives (trainval 2011): 4155/11540
bottle: parsing positives (trainval 2011): 4233/11540
bottle: parsing positives (trainval 2011): 4327/11540
bottle: parsing positives (trainval 2011): 4440/11540
bottle: parsing positives (trainval 2011): 4556/11540
bottle: parsing positives (trainval 2011): 4680/11540
bottle: parsing positives (trainval 2011): 4802/11540
bottle: parsing positives (trainval 2011): 4922/11540
bottle: parsing positives (trainval 2011): 5058/11540
bottle: parsing positives (trainval 2011): 5170/11540
bottle: parsing positives (trainval 2011): 5282/11540
bottle: parsing positives (trainval 2011): 5405/11540
bottle: parsing positives (trainval 2011): 5524/11540
bottle: parsing positives (trainval 2011): 5631/11540
bottle: parsing positives (trainval 2011): 5749/11540
bottle: parsing positives (trainval 2011): 5863/11540
bottle: parsing positives (trainval 2011): 5975/11540
bottle: parsing positives (trainval 2011): 6077/11540
bottle: parsing positives (trainval 2011): 6172/11540
bottle: parsing positives (trainval 2011): 6273/11540
bottle: parsing positives (trainval 2011): 6382/11540
bottle: parsing positives (trainval 2011): 6475/11540
bottle: parsing positives (trainval 2011): 6586/11540
bottle: parsing positives (trainval 2011): 6701/11540
bottle: parsing positives (trainval 2011): 6821/11540
bottle: parsing positives (trainval 2011): 6945/11540
bottle: parsing positives (trainval 2011): 7063/11540
bottle: parsing positives (trainval 2011): 7191/11540
bottle: parsing positives (trainval 2011): 7315/11540
bottle: parsing positives (trainval 2011): 7441/11540
bottle: parsing positives (trainval 2011): 7565/11540
bottle: parsing positives (trainval 2011): 7680/11540
bottle: parsing positives (trainval 2011): 7806/11540
bottle: parsing positives (trainval 2011): 7928/11540
bottle: parsing positives (trainval 2011): 8043/11540
bottle: parsing positives (trainval 2011): 8165/11540
bottle: parsing positives (trainval 2011): 8291/11540
bottle: parsing positives (trainval 2011): 8412/11540
bottle: parsing positives (trainval 2011): 8541/11540
bottle: parsing positives (trainval 2011): 8662/11540
bottle: parsing positives (trainval 2011): 8791/11540
bottle: parsing positives (trainval 2011): 8907/11540
bottle: parsing positives (trainval 2011): 9035/11540
bottle: parsing positives (trainval 2011): 9160/11540
bottle: parsing positives (trainval 2011): 9281/11540
bottle: parsing positives (trainval 2011): 9404/11540
bottle: parsing positives (trainval 2011): 9521/11540
bottle: parsing positives (trainval 2011): 9658/11540
bottle: parsing positives (trainval 2011): 9773/11540
bottle: parsing positives (trainval 2011): 9893/11540
bottle: parsing positives (trainval 2011): 10027/11540
bottle: parsing positives (trainval 2011): 10141/11540
bottle: parsing positives (trainval 2011): 10246/11540
bottle: parsing positives (trainval 2011): 10351/11540
bottle: parsing positives (trainval 2011): 10438/11540
bottle: parsing positives (trainval 2011): 10538/11540
bottle: parsing positives (trainval 2011): 10628/11540
bottle: parsing positives (trainval 2011): 10721/11540
bottle: parsing positives (trainval 2011): 10819/11540
bottle: parsing positives (trainval 2011): 10918/11540
bottle: parsing positives (trainval 2011): 11015/11540
bottle: parsing positives (trainval 2011): 11112/11540
bottle: parsing positives (trainval 2011): 11223/11540
bottle: parsing positives (trainval 2011): 11316/11540
bottle: parsing positives (trainval 2011): 11396/11540
bottle: parsing positives (trainval 2011): 11474/11540
bottle: parsing negatives (train 2011): 41/5717
bottle: parsing negatives (train 2011): 153/5717
bottle: parsing negatives (train 2011): 262/5717
bottle: parsing negatives (train 2011): 361/5717
bottle: parsing negatives (train 2011): 448/5717
bottle: parsing negatives (train 2011): 542/5717
bottle: parsing negatives (train 2011): 619/5717
bottle: parsing negatives (train 2011): 730/5717
bottle: parsing negatives (train 2011): 838/5717
bottle: parsing negatives (train 2011): 933/5717
bottle: parsing negatives (train 2011): 1046/5717
bottle: parsing negatives (train 2011): 1151/5717
bottle: parsing negatives (train 2011): 1250/5717
bottle: parsing negatives (train 2011): 1367/5717
bottle: parsing negatives (train 2011): 1474/5717
bottle: parsing negatives (train 2011): 1596/5717
bottle: parsing negatives (train 2011): 1699/5717
bottle: parsing negatives (train 2011): 1801/5717
bottle: parsing negatives (train 2011): 1905/5717
bottle: parsing negatives (train 2011): 2011/5717
bottle: parsing negatives (train 2011): 2111/5717
bottle: parsing negatives (train 2011): 2236/5717
bottle: parsing negatives (train 2011): 2366/5717
bottle: parsing negatives (train 2011): 2494/5717
bottle: parsing negatives (train 2011): 2621/5717
bottle: parsing negatives (train 2011): 2737/5717
bottle: parsing negatives (train 2011): 2859/5717
bottle: parsing negatives (train 2011): 2979/5717
bottle: parsing negatives (train 2011): 3053/5717
bottle: parsing negatives (train 2011): 3167/5717
bottle: parsing negatives (train 2011): 3274/5717
bottle: parsing negatives (train 2011): 3393/5717
bottle: parsing negatives (train 2011): 3522/5717
bottle: parsing negatives (train 2011): 3648/5717
bottle: parsing negatives (train 2011): 3767/5717
bottle: parsing negatives (train 2011): 3899/5717
bottle: parsing negatives (train 2011): 4018/5717
bottle: parsing negatives (train 2011): 4151/5717
bottle: parsing negatives (train 2011): 4286/5717
bottle: parsing negatives (train 2011): 4407/5717
bottle: parsing negatives (train 2011): 4533/5717
bottle: parsing negatives (train 2011): 4659/5717
bottle: parsing negatives (train 2011): 4793/5717
bottle: parsing negatives (train 2011): 4923/5717
bottle: parsing negatives (train 2011): 5048/5717
bottle: parsing negatives (train 2011): 5151/5717
bottle: parsing negatives (train 2011): 5225/5717
bottle: parsing negatives (train 2011): 5273/5717
bottle: parsing negatives (train 2011): 5362/5717
bottle: parsing negatives (train 2011): 5469/5717
bottle: parsing negatives (train 2011): 5577/5717
bottle: parsing negatives (train 2011): 5669/5717
voc-release5 bottle: warp: 630/630
voc-release5 bottle: warp: 629/630
voc-release5 bottle: warp: 628/630
voc-release5 bottle: warp: 627/630
voc-release5 bottle: warp: 626/630
voc-release5 bottle: warp: 625/630
voc-release5 bottle: warp: 624/630
voc-release5 bottle: warp: 623/630
voc-release5 bottle: warp: 622/630
voc-release5 bottle: warp: 621/630
voc-release5 bottle: warp: 620/630
voc-release5 bottle: warp: 619/630
voc-release5 bottle: warp: 618/630
voc-release5 bottle: warp: 617/630
voc-release5 bottle: warp: 616/630
voc-release5 bottle: warp: 615/630
voc-release5 bottle: warp: 614/630
voc-release5 bottle: warp: 613/630
voc-release5 bottle: warp: 612/630
voc-release5 bottle: warp: 611/630
voc-release5 bottle: warp: 610/630
voc-release5 bottle: warp: 609/630
voc-release5 bottle: warp: 608/630
voc-release5 bottle: warp: 607/630
voc-release5 bottle: warp: 606/630
voc-release5 bottle: warp: 605/630
voc-release5 bottle: warp: 604/630
voc-release5 bottle: warp: 603/630
voc-release5 bottle: warp: 602/630
voc-release5 bottle: warp: 601/630
voc-release5 bottle: warp: 600/630
voc-release5 bottle: warp: 599/630
voc-release5 bottle: warp: 598/630
voc-release5 bottle: warp: 597/630
voc-release5 bottle: warp: 596/630
voc-release5 bottle: warp: 595/630
voc-release5 bottle: warp: 594/630
voc-release5 bottle: warp: 593/630
voc-release5 bottle: warp: 592/630
voc-release5 bottle: warp: 591/630
voc-release5 bottle: warp: 590/630
voc-release5 bottle: warp: 589/630
voc-release5 bottle: warp: 588/630
voc-release5 bottle: warp: 587/630
voc-release5 bottle: warp: 586/630
voc-release5 bottle: warp: 585/630
voc-release5 bottle: warp: 584/630
voc-release5 bottle: warp: 583/630
voc-release5 bottle: warp: 582/630
voc-release5 bottle: warp: 581/630
voc-release5 bottle: warp: 580/630
voc-release5 bottle: warp: 579/630
voc-release5 bottle: warp: 578/630
voc-release5 bottle: warp: 577/630
voc-release5 bottle: warp: 576/630
voc-release5 bottle: warp: 575/630
voc-release5 bottle: warp: 574/630
voc-release5 bottle: warp: 573/630
voc-release5 bottle: warp: 572/630
voc-release5 bottle: warp: 571/630
voc-release5 bottle: warp: 570/630
voc-release5 bottle: warp: 569/630
voc-release5 bottle: warp: 568/630
voc-release5 bottle: warp: 567/630
voc-release5 bottle: warp: 566/630
voc-release5 bottle: warp: 565/630
voc-release5 bottle: warp: 564/630
voc-release5 bottle: warp: 563/630
voc-release5 bottle: warp: 562/630
voc-release5 bottle: warp: 561/630
voc-release5 bottle: warp: 560/630
voc-release5 bottle: warp: 559/630
voc-release5 bottle: warp: 558/630
voc-release5 bottle: warp: 557/630
voc-release5 bottle: warp: 556/630
voc-release5 bottle: warp: 555/630
voc-release5 bottle: warp: 554/630
voc-release5 bottle: warp: 553/630
voc-release5 bottle: warp: 552/630
voc-release5 bottle: warp: 551/630
voc-release5 bottle: warp: 550/630
voc-release5 bottle: warp: 549/630
voc-release5 bottle: warp: 548/630
voc-release5 bottle: warp: 547/630
voc-release5 bottle: warp: 546/630
voc-release5 bottle: warp: 545/630
voc-release5 bottle: warp: 544/630
voc-release5 bottle: warp: 543/630
voc-release5 bottle: warp: 542/630
voc-release5 bottle: warp: 541/630
voc-release5 bottle: warp: 540/630
voc-release5 bottle: warp: 539/630
voc-release5 bottle: warp: 538/630
voc-release5 bottle: warp: 537/630
voc-release5 bottle: warp: 536/630
voc-release5 bottle: warp: 535/630
voc-release5 bottle: warp: 534/630
voc-release5 bottle: warp: 533/630
voc-release5 bottle: warp: 532/630
voc-release5 bottle: warp: 531/630
voc-release5 bottle: warp: 530/630
voc-release5 bottle: warp: 529/630
voc-release5 bottle: warp: 528/630
voc-release5 bottle: warp: 527/630
voc-release5 bottle: warp: 526/630
voc-release5 bottle: warp: 525/630
voc-release5 bottle: warp: 524/630
voc-release5 bottle: warp: 523/630
voc-release5 bottle: warp: 522/630
voc-release5 bottle: warp: 521/630
voc-release5 bottle: warp: 520/630
voc-release5 bottle: warp: 519/630
voc-release5 bottle: warp: 518/630
voc-release5 bottle: warp: 517/630
voc-release5 bottle: warp: 516/630
voc-release5 bottle: warp: 515/630
voc-release5 bottle: warp: 514/630
voc-release5 bottle: warp: 513/630
voc-release5 bottle: warp: 512/630
voc-release5 bottle: warp: 511/630
voc-release5 bottle: warp: 510/630
voc-release5 bottle: warp: 509/630
voc-release5 bottle: warp: 508/630
voc-release5 bottle: warp: 507/630
voc-release5 bottle: warp: 506/630
voc-release5 bottle: warp: 505/630
voc-release5 bottle: warp: 504/630
voc-release5 bottle: warp: 503/630
voc-release5 bottle: warp: 502/630
voc-release5 bottle: warp: 501/630
voc-release5 bottle: warp: 500/630
voc-release5 bottle: warp: 499/630
voc-release5 bottle: warp: 498/630
voc-release5 bottle: warp: 497/630
voc-release5 bottle: warp: 496/630
voc-release5 bottle: warp: 495/630
voc-release5 bottle: warp: 494/630
voc-release5 bottle: warp: 493/630
voc-release5 bottle: warp: 492/630
voc-release5 bottle: warp: 491/630
voc-release5 bottle: warp: 490/630
voc-release5 bottle: warp: 489/630
voc-release5 bottle: warp: 488/630
voc-release5 bottle: warp: 487/630
voc-release5 bottle: warp: 486/630
voc-release5 bottle: warp: 485/630
voc-release5 bottle: warp: 484/630
voc-release5 bottle: warp: 483/630
voc-release5 bottle: warp: 482/630
voc-release5 bottle: warp: 481/630
voc-release5 bottle: warp: 480/630
voc-release5 bottle: warp: 479/630
voc-release5 bottle: warp: 478/630
voc-release5 bottle: warp: 477/630
voc-release5 bottle: warp: 476/630
voc-release5 bottle: warp: 475/630
voc-release5 bottle: warp: 474/630
voc-release5 bottle: warp: 473/630
voc-release5 bottle: warp: 472/630
voc-release5 bottle: warp: 471/630
voc-release5 bottle: warp: 470/630
voc-release5 bottle: warp: 469/630
voc-release5 bottle: warp: 468/630
voc-release5 bottle: warp: 467/630
voc-release5 bottle: warp: 466/630
voc-release5 bottle: warp: 465/630
voc-release5 bottle: warp: 464/630
voc-release5 bottle: warp: 463/630
voc-release5 bottle: warp: 462/630
voc-release5 bottle: warp: 461/630
voc-release5 bottle: warp: 460/630
voc-release5 bottle: warp: 459/630
voc-release5 bottle: warp: 458/630
voc-release5 bottle: warp: 457/630
voc-release5 bottle: warp: 456/630
voc-release5 bottle: warp: 455/630
voc-release5 bottle: warp: 454/630
voc-release5 bottle: warp: 453/630
voc-release5 bottle: warp: 452/630
voc-release5 bottle: warp: 451/630
voc-release5 bottle: warp: 450/630
voc-release5 bottle: warp: 449/630
voc-release5 bottle: warp: 448/630
voc-release5 bottle: warp: 447/630
voc-release5 bottle: warp: 446/630
voc-release5 bottle: warp: 445/630
voc-release5 bottle: warp: 444/630
voc-release5 bottle: warp: 443/630
voc-release5 bottle: warp: 442/630
voc-release5 bottle: warp: 441/630
voc-release5 bottle: warp: 440/630
voc-release5 bottle: warp: 439/630
voc-release5 bottle: warp: 438/630
voc-release5 bottle: warp: 437/630
voc-release5 bottle: warp: 436/630
voc-release5 bottle: warp: 435/630
voc-release5 bottle: warp: 434/630
voc-release5 bottle: warp: 433/630
voc-release5 bottle: warp: 432/630
voc-release5 bottle: warp: 431/630
voc-release5 bottle: warp: 430/630
voc-release5 bottle: warp: 429/630
voc-release5 bottle: warp: 428/630
voc-release5 bottle: warp: 427/630
voc-release5 bottle: warp: 426/630
voc-release5 bottle: warp: 425/630
voc-release5 bottle: warp: 424/630
voc-release5 bottle: warp: 423/630
voc-release5 bottle: warp: 422/630
voc-release5 bottle: warp: 421/630
voc-release5 bottle: warp: 420/630
voc-release5 bottle: warp: 419/630
voc-release5 bottle: warp: 418/630
voc-release5 bottle: warp: 417/630
voc-release5 bottle: warp: 416/630
voc-release5 bottle: warp: 415/630
voc-release5 bottle: warp: 414/630
voc-release5 bottle: warp: 413/630
voc-release5 bottle: warp: 412/630
voc-release5 bottle: warp: 411/630
voc-release5 bottle: warp: 410/630
voc-release5 bottle: warp: 409/630
voc-release5 bottle: warp: 408/630
voc-release5 bottle: warp: 407/630
voc-release5 bottle: warp: 406/630
voc-release5 bottle: warp: 405/630
voc-release5 bottle: warp: 404/630
voc-release5 bottle: warp: 403/630
voc-release5 bottle: warp: 402/630
voc-release5 bottle: warp: 401/630
voc-release5 bottle: warp: 400/630
voc-release5 bottle: warp: 399/630
voc-release5 bottle: warp: 398/630
voc-release5 bottle: warp: 397/630
voc-release5 bottle: warp: 396/630
voc-release5 bottle: warp: 395/630
voc-release5 bottle: warp: 394/630
voc-release5 bottle: warp: 393/630
voc-release5 bottle: warp: 392/630
voc-release5 bottle: warp: 391/630
voc-release5 bottle: warp: 390/630
voc-release5 bottle: warp: 389/630
voc-release5 bottle: warp: 388/630
voc-release5 bottle: warp: 387/630
voc-release5 bottle: warp: 386/630
voc-release5 bottle: warp: 385/630
voc-release5 bottle: warp: 384/630
voc-release5 bottle: warp: 383/630
voc-release5 bottle: warp: 382/630
voc-release5 bottle: warp: 381/630
voc-release5 bottle: warp: 380/630
voc-release5 bottle: warp: 379/630
voc-release5 bottle: warp: 378/630
voc-release5 bottle: warp: 377/630
voc-release5 bottle: warp: 376/630
voc-release5 bottle: warp: 375/630
voc-release5 bottle: warp: 374/630
voc-release5 bottle: warp: 373/630
voc-release5 bottle: warp: 372/630
voc-release5 bottle: warp: 371/630
voc-release5 bottle: warp: 370/630
voc-release5 bottle: warp: 369/630
voc-release5 bottle: warp: 368/630
voc-release5 bottle: warp: 367/630
voc-release5 bottle: warp: 366/630
voc-release5 bottle: warp: 365/630
voc-release5 bottle: warp: 364/630
voc-release5 bottle: warp: 363/630
voc-release5 bottle: warp: 362/630
voc-release5 bottle: warp: 361/630
voc-release5 bottle: warp: 360/630
voc-release5 bottle: warp: 359/630
voc-release5 bottle: warp: 358/630
voc-release5 bottle: warp: 357/630
voc-release5 bottle: warp: 356/630
voc-release5 bottle: warp: 355/630
voc-release5 bottle: warp: 354/630
voc-release5 bottle: warp: 353/630
voc-release5 bottle: warp: 352/630
voc-release5 bottle: warp: 351/630
voc-release5 bottle: warp: 350/630
voc-release5 bottle: warp: 349/630
voc-release5 bottle: warp: 348/630
voc-release5 bottle: warp: 347/630
voc-release5 bottle: warp: 346/630
voc-release5 bottle: warp: 345/630
voc-release5 bottle: warp: 344/630
voc-release5 bottle: warp: 343/630
voc-release5 bottle: warp: 342/630
voc-release5 bottle: warp: 341/630
voc-release5 bottle: warp: 340/630
voc-release5 bottle: warp: 339/630
voc-release5 bottle: warp: 338/630
voc-release5 bottle: warp: 337/630
voc-release5 bottle: warp: 336/630
voc-release5 bottle: warp: 335/630
voc-release5 bottle: warp: 334/630
voc-release5 bottle: warp: 333/630
voc-release5 bottle: warp: 332/630
voc-release5 bottle: warp: 331/630
voc-release5 bottle: warp: 330/630
voc-release5 bottle: warp: 329/630
voc-release5 bottle: warp: 328/630
voc-release5 bottle: warp: 327/630
voc-release5 bottle: warp: 326/630
voc-release5 bottle: warp: 325/630
voc-release5 bottle: warp: 324/630
voc-release5 bottle: warp: 323/630
voc-release5 bottle: warp: 322/630
voc-release5 bottle: warp: 321/630
voc-release5 bottle: warp: 320/630
voc-release5 bottle: warp: 319/630
voc-release5 bottle: warp: 318/630
voc-release5 bottle: warp: 317/630
voc-release5 bottle: warp: 316/630
voc-release5 bottle: warp: 315/630
voc-release5 bottle: warp: 314/630
voc-release5 bottle: warp: 313/630
voc-release5 bottle: warp: 312/630
voc-release5 bottle: warp: 311/630
voc-release5 bottle: warp: 310/630
voc-release5 bottle: warp: 309/630
voc-release5 bottle: warp: 308/630
voc-release5 bottle: warp: 307/630
voc-release5 bottle: warp: 306/630
voc-release5 bottle: warp: 305/630
voc-release5 bottle: warp: 304/630
voc-release5 bottle: warp: 303/630
voc-release5 bottle: warp: 302/630
voc-release5 bottle: warp: 301/630
voc-release5 bottle: warp: 300/630
voc-release5 bottle: warp: 299/630
voc-release5 bottle: warp: 298/630
voc-release5 bottle: warp: 297/630
voc-release5 bottle: warp: 296/630
voc-release5 bottle: warp: 295/630
voc-release5 bottle: warp: 294/630
voc-release5 bottle: warp: 293/630
voc-release5 bottle: warp: 292/630
voc-release5 bottle: warp: 291/630
voc-release5 bottle: warp: 290/630
voc-release5 bottle: warp: 289/630
voc-release5 bottle: warp: 288/630
voc-release5 bottle: warp: 287/630
voc-release5 bottle: warp: 286/630
voc-release5 bottle: warp: 285/630
voc-release5 bottle: warp: 284/630
voc-release5 bottle: warp: 283/630
voc-release5 bottle: warp: 282/630
voc-release5 bottle: warp: 281/630
voc-release5 bottle: warp: 280/630
voc-release5 bottle: warp: 279/630
voc-release5 bottle: warp: 278/630
voc-release5 bottle: warp: 277/630
voc-release5 bottle: warp: 276/630
voc-release5 bottle: warp: 275/630
voc-release5 bottle: warp: 274/630
voc-release5 bottle: warp: 273/630
voc-release5 bottle: warp: 272/630
voc-release5 bottle: warp: 271/630
voc-release5 bottle: warp: 270/630
voc-release5 bottle: warp: 269/630
voc-release5 bottle: warp: 268/630
voc-release5 bottle: warp: 267/630
voc-release5 bottle: warp: 266/630
voc-release5 bottle: warp: 265/630
voc-release5 bottle: warp: 264/630
voc-release5 bottle: warp: 263/630
voc-release5 bottle: warp: 262/630
voc-release5 bottle: warp: 261/630
voc-release5 bottle: warp: 260/630
voc-release5 bottle: warp: 259/630
voc-release5 bottle: warp: 258/630
voc-release5 bottle: warp: 257/630
voc-release5 bottle: warp: 256/630
voc-release5 bottle: warp: 255/630
voc-release5 bottle: warp: 254/630
voc-release5 bottle: warp: 253/630
voc-release5 bottle: warp: 252/630
voc-release5 bottle: warp: 251/630
voc-release5 bottle: warp: 250/630
voc-release5 bottle: warp: 249/630
voc-release5 bottle: warp: 248/630
voc-release5 bottle: warp: 247/630
voc-release5 bottle: warp: 246/630
voc-release5 bottle: warp: 245/630
voc-release5 bottle: warp: 244/630
voc-release5 bottle: warp: 243/630
voc-release5 bottle: warp: 242/630
voc-release5 bottle: warp: 241/630
voc-release5 bottle: warp: 240/630
voc-release5 bottle: warp: 239/630
voc-release5 bottle: warp: 238/630
voc-release5 bottle: warp: 237/630
voc-release5 bottle: warp: 236/630
voc-release5 bottle: warp: 235/630
voc-release5 bottle: warp: 234/630
voc-release5 bottle: warp: 233/630
voc-release5 bottle: warp: 232/630
voc-release5 bottle: warp: 231/630
voc-release5 bottle: warp: 230/630
voc-release5 bottle: warp: 229/630
voc-release5 bottle: warp: 228/630
voc-release5 bottle: warp: 227/630
voc-release5 bottle: warp: 226/630
voc-release5 bottle: warp: 225/630
voc-release5 bottle: warp: 224/630
voc-release5 bottle: warp: 223/630
voc-release5 bottle: warp: 222/630
voc-release5 bottle: warp: 221/630
voc-release5 bottle: warp: 220/630
voc-release5 bottle: warp: 219/630
voc-release5 bottle: warp: 218/630
voc-release5 bottle: warp: 217/630
voc-release5 bottle: warp: 216/630
voc-release5 bottle: warp: 215/630
voc-release5 bottle: warp: 214/630
voc-release5 bottle: warp: 213/630
voc-release5 bottle: warp: 212/630
voc-release5 bottle: warp: 211/630
voc-release5 bottle: warp: 210/630
voc-release5 bottle: warp: 209/630
voc-release5 bottle: warp: 208/630
voc-release5 bottle: warp: 207/630
voc-release5 bottle: warp: 206/630
voc-release5 bottle: warp: 205/630
voc-release5 bottle: warp: 204/630
voc-release5 bottle: warp: 203/630
voc-release5 bottle: warp: 202/630
voc-release5 bottle: warp: 201/630
voc-release5 bottle: warp: 200/630
voc-release5 bottle: warp: 199/630
voc-release5 bottle: warp: 198/630
voc-release5 bottle: warp: 197/630
voc-release5 bottle: warp: 196/630
voc-release5 bottle: warp: 195/630
voc-release5 bottle: warp: 194/630
voc-release5 bottle: warp: 193/630
voc-release5 bottle: warp: 192/630
voc-release5 bottle: warp: 191/630
voc-release5 bottle: warp: 190/630
voc-release5 bottle: warp: 189/630
voc-release5 bottle: warp: 188/630
voc-release5 bottle: warp: 187/630
voc-release5 bottle: warp: 186/630
voc-release5 bottle: warp: 185/630
voc-release5 bottle: warp: 184/630
voc-release5 bottle: warp: 183/630
voc-release5 bottle: warp: 182/630
voc-release5 bottle: warp: 181/630
voc-release5 bottle: warp: 180/630
voc-release5 bottle: warp: 179/630
voc-release5 bottle: warp: 178/630
voc-release5 bottle: warp: 177/630
voc-release5 bottle: warp: 176/630
voc-release5 bottle: warp: 175/630
voc-release5 bottle: warp: 174/630
voc-release5 bottle: warp: 173/630
voc-release5 bottle: warp: 172/630
voc-release5 bottle: warp: 171/630
voc-release5 bottle: warp: 170/630
voc-release5 bottle: warp: 169/630
voc-release5 bottle: warp: 168/630
voc-release5 bottle: warp: 167/630
voc-release5 bottle: warp: 166/630
voc-release5 bottle: warp: 165/630
voc-release5 bottle: warp: 164/630
voc-release5 bottle: warp: 163/630
voc-release5 bottle: warp: 162/630
voc-release5 bottle: warp: 161/630
voc-release5 bottle: warp: 160/630
voc-release5 bottle: warp: 159/630
voc-release5 bottle: warp: 158/630
voc-release5 bottle: warp: 157/630
voc-release5 bottle: warp: 156/630
voc-release5 bottle: warp: 155/630
voc-release5 bottle: warp: 154/630
voc-release5 bottle: warp: 153/630
voc-release5 bottle: warp: 152/630
voc-release5 bottle: warp: 151/630
voc-release5 bottle: warp: 150/630
voc-release5 bottle: warp: 149/630
voc-release5 bottle: warp: 148/630
voc-release5 bottle: warp: 147/630
voc-release5 bottle: warp: 146/630
voc-release5 bottle: warp: 145/630
voc-release5 bottle: warp: 144/630
voc-release5 bottle: warp: 143/630
voc-release5 bottle: warp: 142/630
voc-release5 bottle: warp: 141/630
voc-release5 bottle: warp: 140/630
voc-release5 bottle: warp: 139/630
voc-release5 bottle: warp: 138/630
voc-release5 bottle: warp: 137/630
voc-release5 bottle: warp: 136/630
voc-release5 bottle: warp: 135/630
voc-release5 bottle: warp: 134/630
voc-release5 bottle: warp: 133/630
voc-release5 bottle: warp: 132/630
voc-release5 bottle: warp: 131/630
voc-release5 bottle: warp: 130/630
voc-release5 bottle: warp: 129/630
voc-release5 bottle: warp: 128/630
voc-release5 bottle: warp: 127/630
voc-release5 bottle: warp: 126/630
voc-release5 bottle: warp: 125/630
voc-release5 bottle: warp: 124/630
voc-release5 bottle: warp: 123/630
voc-release5 bottle: warp: 122/630
voc-release5 bottle: warp: 121/630
voc-release5 bottle: warp: 120/630
voc-release5 bottle: warp: 119/630
voc-release5 bottle: warp: 118/630
voc-release5 bottle: warp: 117/630
voc-release5 bottle: warp: 116/630
voc-release5 bottle: warp: 115/630
voc-release5 bottle: warp: 114/630
voc-release5 bottle: warp: 113/630
voc-release5 bottle: warp: 112/630
voc-release5 bottle: warp: 111/630
voc-release5 bottle: warp: 110/630
voc-release5 bottle: warp: 109/630
voc-release5 bottle: warp: 108/630
voc-release5 bottle: warp: 107/630
voc-release5 bottle: warp: 106/630
voc-release5 bottle: warp: 105/630
voc-release5 bottle: warp: 104/630
voc-release5 bottle: warp: 103/630
voc-release5 bottle: warp: 102/630
voc-release5 bottle: warp: 101/630
voc-release5 bottle: warp: 100/630
voc-release5 bottle: warp: 99/630
voc-release5 bottle: warp: 98/630
voc-release5 bottle: warp: 97/630
voc-release5 bottle: warp: 96/630
voc-release5 bottle: warp: 95/630
voc-release5 bottle: warp: 94/630
voc-release5 bottle: warp: 93/630
voc-release5 bottle: warp: 92/630
voc-release5 bottle: warp: 91/630
voc-release5 bottle: warp: 90/630
voc-release5 bottle: warp: 89/630
voc-release5 bottle: warp: 88/630
voc-release5 bottle: warp: 87/630
voc-release5 bottle: warp: 86/630
voc-release5 bottle: warp: 85/630
voc-release5 bottle: warp: 84/630
voc-release5 bottle: warp: 83/630
voc-release5 bottle: warp: 82/630
voc-release5 bottle: warp: 81/630
voc-release5 bottle: warp: 80/630
voc-release5 bottle: warp: 79/630
voc-release5 bottle: warp: 78/630
voc-release5 bottle: warp: 77/630
voc-release5 bottle: warp: 76/630
voc-release5 bottle: warp: 75/630
voc-release5 bottle: warp: 74/630
voc-release5 bottle: warp: 73/630
voc-release5 bottle: warp: 72/630
voc-release5 bottle: warp: 71/630
voc-release5 bottle: warp: 70/630
voc-release5 bottle: warp: 69/630
voc-release5 bottle: warp: 68/630
voc-release5 bottle: warp: 67/630
voc-release5 bottle: warp: 66/630
voc-release5 bottle: warp: 65/630
voc-release5 bottle: warp: 64/630
voc-release5 bottle: warp: 63/630
voc-release5 bottle: warp: 62/630
voc-release5 bottle: warp: 61/630
voc-release5 bottle: warp: 60/630
voc-release5 bottle: warp: 59/630
voc-release5 bottle: warp: 58/630
voc-release5 bottle: warp: 57/630
voc-release5 bottle: warp: 56/630
voc-release5 bottle: warp: 55/630
voc-release5 bottle: warp: 54/630
voc-release5 bottle: warp: 53/630
voc-release5 bottle: warp: 52/630
voc-release5 bottle: warp: 51/630
voc-release5 bottle: warp: 50/630
voc-release5 bottle: warp: 49/630
voc-release5 bottle: warp: 48/630
voc-release5 bottle: warp: 47/630
voc-release5 bottle: warp: 46/630
voc-release5 bottle: warp: 45/630
voc-release5 bottle: warp: 44/630
voc-release5 bottle: warp: 43/630
voc-release5 bottle: warp: 42/630
voc-release5 bottle: warp: 41/630
voc-release5 bottle: warp: 40/630
voc-release5 bottle: warp: 39/630
voc-release5 bottle: warp: 38/630
voc-release5 bottle: warp: 37/630
voc-release5 bottle: warp: 36/630
voc-release5 bottle: warp: 35/630
voc-release5 bottle: warp: 34/630
voc-release5 bottle: warp: 33/630
voc-release5 bottle: warp: 32/630
voc-release5 bottle: warp: 31/630
voc-release5 bottle: warp: 30/630
voc-release5 bottle: warp: 29/630
voc-release5 bottle: warp: 28/630
voc-release5 bottle: warp: 27/630
voc-release5 bottle: warp: 26/630
voc-release5 bottle: warp: 25/630
voc-release5 bottle: warp: 24/630
voc-release5 bottle: warp: 23/630
voc-release5 bottle: warp: 22/630
voc-release5 bottle: warp: 21/630
voc-release5 bottle: warp: 20/630
voc-release5 bottle: warp: 19/630
voc-release5 bottle: warp: 18/630
voc-release5 bottle: warp: 17/630
voc-release5 bottle: warp: 16/630
voc-release5 bottle: warp: 15/630
voc-release5 bottle: warp: 14/630
voc-release5 bottle: warp: 13/630
voc-release5 bottle: warp: 12/630
voc-release5 bottle: warp: 11/630
voc-release5 bottle: warp: 10/630
voc-release5 bottle: warp: 9/630
voc-release5 bottle: warp: 8/630
voc-release5 bottle: warp: 7/630
voc-release5 bottle: warp: 6/630
voc-release5 bottle: warp: 5/630
voc-release5 bottle: warp: 4/630
voc-release5 bottle: warp: 3/630
voc-release5 bottle: warp: 2/630
voc-release5 bottle: warp: 1/630
Caching features
voc-release5 bottle: lrsplit features: 1/630
cluster objective: 11414.715
cluster iter: 3/25
cluster objective: 11414.697
cluster iter: 6/25
cluster objective: 11414.653
cluster iter: 9/25
cluster iter: 12/25
cluster iter: 15/25
cluster iter: 18/25
cluster iter: 21/25
cluster iter: 24/25
Cache freed; byte size is: 0
Created a feature vector cache to hold <= 522927 elements in <= 3072.0MB
Using max component regularization
voc-release5 iter: 1/1
saving 0/0 cache entries
Shrinking cache...
Cache holds 0 feature vectors (0.0MB) prior to shrinking
Cache holds 0 feature vectors (0.0MB) after shrinking
voc-release5 bottle: warp: 315/315
voc-release5 bottle: warp: 314/315
voc-release5 bottle: warp: 313/315
voc-release5 bottle: warp: 312/315
voc-release5 bottle: warp: 311/315
voc-release5 bottle: warp: 310/315
voc-release5 bottle: warp: 309/315
voc-release5 bottle: warp: 308/315
voc-release5 bottle: warp: 307/315
voc-release5 bottle: warp: 306/315
voc-release5 bottle: warp: 305/315
voc-release5 bottle: warp: 304/315
voc-release5 bottle: warp: 303/315
voc-release5 bottle: warp: 302/315
voc-release5 bottle: warp: 301/315
voc-release5 bottle: warp: 300/315
voc-release5 bottle: warp: 299/315
voc-release5 bottle: warp: 298/315
voc-release5 bottle: warp: 297/315
voc-release5 bottle: warp: 296/315
voc-release5 bottle: warp: 295/315
voc-release5 bottle: warp: 294/315
voc-release5 bottle: warp: 293/315
voc-release5 bottle: warp: 292/315
voc-release5 bottle: warp: 291/315
voc-release5 bottle: warp: 290/315
voc-release5 bottle: warp: 289/315
voc-release5 bottle: warp: 288/315
voc-release5 bottle: warp: 287/315
voc-release5 bottle: warp: 286/315
voc-release5 bottle: warp: 285/315
voc-release5 bottle: warp: 284/315
voc-release5 bottle: warp: 283/315
voc-release5 bottle: warp: 282/315
voc-release5 bottle: warp: 281/315
voc-release5 bottle: warp: 280/315
voc-release5 bottle: warp: 279/315
voc-release5 bottle: warp: 278/315
voc-release5 bottle: warp: 277/315
voc-release5 bottle: warp: 276/315
voc-release5 bottle: warp: 275/315
voc-release5 bottle: warp: 274/315
voc-release5 bottle: warp: 273/315
voc-release5 bottle: warp: 272/315
voc-release5 bottle: warp: 271/315
voc-release5 bottle: warp: 270/315
voc-release5 bottle: warp: 269/315
voc-release5 bottle: warp: 268/315
voc-release5 bottle: warp: 267/315
voc-release5 bottle: warp: 266/315
voc-release5 bottle: warp: 265/315
voc-release5 bottle: warp: 264/315
voc-release5 bottle: warp: 263/315
voc-release5 bottle: warp: 262/315
voc-release5 bottle: warp: 261/315
voc-release5 bottle: warp: 260/315
voc-release5 bottle: warp: 259/315
voc-release5 bottle: warp: 258/315
voc-release5 bottle: warp: 257/315
voc-release5 bottle: warp: 256/315
voc-release5 bottle: warp: 255/315
voc-release5 bottle: warp: 254/315
voc-release5 bottle: warp: 253/315
voc-release5 bottle: warp: 252/315
voc-release5 bottle: warp: 251/315
voc-release5 bottle: warp: 250/315
voc-release5 bottle: warp: 249/315
voc-release5 bottle: warp: 248/315
voc-release5 bottle: warp: 247/315
voc-release5 bottle: warp: 246/315
voc-release5 bottle: warp: 245/315
voc-release5 bottle: warp: 244/315
voc-release5 bottle: warp: 243/315
voc-release5 bottle: warp: 242/315
voc-release5 bottle: warp: 241/315
voc-release5 bottle: warp: 240/315
voc-release5 bottle: warp: 239/315
voc-release5 bottle: warp: 238/315
voc-release5 bottle: warp: 237/315
voc-release5 bottle: warp: 236/315
voc-release5 bottle: warp: 235/315
voc-release5 bottle: warp: 234/315
voc-release5 bottle: warp: 233/315
voc-release5 bottle: warp: 232/315
voc-release5 bottle: warp: 231/315
voc-release5 bottle: warp: 230/315
voc-release5 bottle: warp: 229/315
voc-release5 bottle: warp: 228/315
voc-release5 bottle: warp: 227/315
voc-release5 bottle: warp: 226/315
voc-release5 bottle: warp: 225/315
voc-release5 bottle: warp: 224/315
voc-release5 bottle: warp: 223/315
voc-release5 bottle: warp: 222/315
voc-release5 bottle: warp: 221/315
voc-release5 bottle: warp: 220/315
voc-release5 bottle: warp: 219/315
voc-release5 bottle: warp: 218/315
voc-release5 bottle: warp: 217/315
voc-release5 bottle: warp: 216/315
voc-release5 bottle: warp: 215/315
voc-release5 bottle: warp: 214/315
voc-release5 bottle: warp: 213/315
voc-release5 bottle: warp: 212/315
voc-release5 bottle: warp: 211/315
voc-release5 bottle: warp: 210/315
voc-release5 bottle: warp: 209/315
voc-release5 bottle: warp: 208/315
voc-release5 bottle: warp: 207/315
voc-release5 bottle: warp: 206/315
voc-release5 bottle: warp: 205/315
voc-release5 bottle: warp: 204/315
voc-release5 bottle: warp: 203/315
voc-release5 bottle: warp: 202/315
voc-release5 bottle: warp: 201/315
voc-release5 bottle: warp: 200/315
voc-release5 bottle: warp: 199/315
voc-release5 bottle: warp: 198/315
voc-release5 bottle: warp: 197/315
voc-release5 bottle: warp: 196/315
voc-release5 bottle: warp: 195/315
voc-release5 bottle: warp: 194/315
voc-release5 bottle: warp: 193/315
voc-release5 bottle: warp: 192/315
voc-release5 bottle: warp: 191/315
voc-release5 bottle: warp: 190/315
voc-release5 bottle: warp: 189/315
voc-release5 bottle: warp: 188/315
voc-release5 bottle: warp: 187/315
voc-release5 bottle: warp: 186/315
voc-release5 bottle: warp: 185/315
voc-release5 bottle: warp: 184/315
voc-release5 bottle: warp: 183/315
voc-release5 bottle: warp: 182/315
voc-release5 bottle: warp: 181/315
voc-release5 bottle: warp: 180/315
voc-release5 bottle: warp: 179/315
voc-release5 bottle: warp: 178/315
voc-release5 bottle: warp: 177/315
voc-release5 bottle: warp: 176/315
voc-release5 bottle: warp: 175/315
voc-release5 bottle: warp: 174/315
voc-release5 bottle: warp: 173/315
voc-release5 bottle: warp: 172/315
voc-release5 bottle: warp: 171/315
voc-release5 bottle: warp: 170/315
voc-release5 bottle: warp: 169/315
voc-release5 bottle: warp: 168/315
voc-release5 bottle: warp: 167/315
voc-release5 bottle: warp: 166/315
voc-release5 bottle: warp: 165/315
voc-release5 bottle: warp: 164/315
voc-release5 bottle: warp: 163/315
voc-release5 bottle: warp: 162/315
voc-release5 bottle: warp: 161/315
voc-release5 bottle: warp: 160/315
voc-release5 bottle: warp: 159/315
voc-release5 bottle: warp: 158/315
voc-release5 bottle: warp: 157/315
voc-release5 bottle: warp: 156/315
voc-release5 bottle: warp: 155/315
voc-release5 bottle: warp: 154/315
voc-release5 bottle: warp: 153/315
voc-release5 bottle: warp: 152/315
voc-release5 bottle: warp: 151/315
voc-release5 bottle: warp: 150/315
voc-release5 bottle: warp: 149/315
voc-release5 bottle: warp: 148/315
voc-release5 bottle: warp: 147/315
voc-release5 bottle: warp: 146/315
voc-release5 bottle: warp: 145/315
voc-release5 bottle: warp: 144/315
voc-release5 bottle: warp: 143/315
voc-release5 bottle: warp: 142/315
voc-release5 bottle: warp: 141/315
voc-release5 bottle: warp: 140/315
voc-release5 bottle: warp: 139/315
voc-release5 bottle: warp: 138/315
voc-release5 bottle: warp: 137/315
voc-release5 bottle: warp: 136/315
voc-release5 bottle: warp: 135/315
voc-release5 bottle: warp: 134/315
voc-release5 bottle: warp: 133/315
voc-release5 bottle: warp: 132/315
voc-release5 bottle: warp: 131/315
voc-release5 bottle: warp: 130/315
voc-release5 bottle: warp: 129/315
voc-release5 bottle: warp: 128/315
voc-release5 bottle: warp: 127/315
voc-release5 bottle: warp: 126/315
voc-release5 bottle: warp: 125/315
voc-release5 bottle: warp: 124/315
voc-release5 bottle: warp: 123/315
voc-release5 bottle: warp: 122/315
voc-release5 bottle: warp: 121/315
voc-release5 bottle: warp: 120/315
voc-release5 bottle: warp: 119/315
voc-release5 bottle: warp: 118/315
voc-release5 bottle: warp: 117/315
voc-release5 bottle: warp: 116/315
voc-release5 bottle: warp: 115/315
voc-release5 bottle: warp: 114/315
voc-release5 bottle: warp: 113/315
voc-release5 bottle: warp: 112/315
voc-release5 bottle: warp: 111/315
voc-release5 bottle: warp: 110/315
voc-release5 bottle: warp: 109/315
voc-release5 bottle: warp: 108/315
voc-release5 bottle: warp: 107/315
voc-release5 bottle: warp: 106/315
voc-release5 bottle: warp: 105/315
voc-release5 bottle: warp: 104/315
voc-release5 bottle: warp: 103/315
voc-release5 bottle: warp: 102/315
voc-release5 bottle: warp: 101/315
voc-release5 bottle: warp: 100/315
voc-release5 bottle: warp: 99/315
voc-release5 bottle: warp: 98/315
voc-release5 bottle: warp: 97/315
voc-release5 bottle: warp: 96/315
voc-release5 bottle: warp: 95/315
voc-release5 bottle: warp: 94/315
voc-release5 bottle: warp: 93/315
voc-release5 bottle: warp: 92/315
voc-release5 bottle: warp: 91/315
voc-release5 bottle: warp: 90/315
voc-release5 bottle: warp: 89/315
voc-release5 bottle: warp: 88/315
voc-release5 bottle: warp: 87/315
voc-release5 bottle: warp: 86/315
voc-release5 bottle: warp: 85/315
voc-release5 bottle: warp: 84/315
voc-release5 bottle: warp: 83/315
voc-release5 bottle: warp: 82/315
voc-release5 bottle: warp: 81/315
voc-release5 bottle: warp: 80/315
voc-release5 bottle: warp: 79/315
voc-release5 bottle: warp: 78/315
voc-release5 bottle: warp: 77/315
voc-release5 bottle: warp: 76/315
voc-release5 bottle: warp: 75/315
voc-release5 bottle: warp: 74/315
voc-release5 bottle: warp: 73/315
voc-release5 bottle: warp: 72/315
voc-release5 bottle: warp: 71/315
voc-release5 bottle: warp: 70/315
voc-release5 bottle: warp: 69/315
voc-release5 bottle: warp: 68/315
voc-release5 bottle: warp: 67/315
voc-release5 bottle: warp: 66/315
voc-release5 bottle: warp: 65/315
voc-release5 bottle: warp: 64/315
voc-release5 bottle: warp: 63/315
voc-release5 bottle: warp: 62/315
voc-release5 bottle: warp: 61/315
voc-release5 bottle: warp: 60/315
voc-release5 bottle: warp: 59/315
voc-release5 bottle: warp: 58/315
voc-release5 bottle: warp: 57/315
voc-release5 bottle: warp: 56/315
voc-release5 bottle: warp: 55/315
voc-release5 bottle: warp: 54/315
voc-release5 bottle: warp: 53/315
voc-release5 bottle: warp: 52/315
voc-release5 bottle: warp: 51/315
voc-release5 bottle: warp: 50/315
voc-release5 bottle: warp: 49/315
voc-release5 bottle: warp: 48/315
voc-release5 bottle: warp: 47/315
voc-release5 bottle: warp: 46/315
voc-release5 bottle: warp: 45/315
voc-release5 bottle: warp: 44/315
voc-release5 bottle: warp: 43/315
voc-release5 bottle: warp: 42/315
voc-release5 bottle: warp: 41/315
voc-release5 bottle: warp: 40/315
voc-release5 bottle: warp: 39/315
voc-release5 bottle: warp: 38/315
voc-release5 bottle: warp: 37/315
voc-release5 bottle: warp: 36/315
voc-release5 bottle: warp: 35/315
voc-release5 bottle: warp: 34/315
voc-release5 bottle: warp: 33/315
voc-release5 bottle: warp: 32/315
voc-release5 bottle: warp: 31/315
voc-release5 bottle: warp: 30/315
voc-release5 bottle: warp: 29/315
voc-release5 bottle: warp: 28/315
voc-release5 bottle: warp: 27/315
voc-release5 bottle: warp: 26/315
voc-release5 bottle: warp: 25/315
voc-release5 bottle: warp: 24/315
voc-release5 bottle: warp: 23/315
voc-release5 bottle: warp: 22/315
voc-release5 bottle: warp: 21/315
voc-release5 bottle: warp: 20/315
voc-release5 bottle: warp: 19/315
voc-release5 bottle: warp: 18/315
voc-release5 bottle: warp: 17/315
voc-release5 bottle: warp: 16/315
voc-release5 bottle: warp: 15/315
voc-release5 bottle: warp: 14/315
voc-release5 bottle: warp: 13/315
voc-release5 bottle: warp: 12/315
voc-release5 bottle: warp: 11/315
voc-release5 bottle: warp: 10/315
voc-release5 bottle: warp: 9/315
voc-release5 bottle: warp: 8/315
voc-release5 bottle: warp: 7/315
voc-release5 bottle: warp: 6/315
voc-release5 bottle: warp: 5/315
voc-release5 bottle: warp: 4/315
voc-release5 bottle: warp: 3/315
voc-release5 bottle: warp: 2/315
voc-release5 bottle: warp: 1/315
voc-release5 bottle: iter 1: warped positive: 1/315
voc-release5 bottle: iter 1: warped positive: 2/315
voc-release5 bottle: iter 1: warped positive: 3/315
voc-release5 bottle: iter 1: warped positive: 4/315
voc-release5 bottle: iter 1: warped positive: 5/315
voc-release5 bottle: iter 1: warped positive: 6/315
voc-release5 bottle: iter 1: warped positive: 7/315
voc-release5 bottle: iter 1: warped positive: 8/315
voc-release5 bottle: iter 1: warped positive: 9/315
voc-release5 bottle: iter 1: warped positive: 10/315
voc-release5 bottle: iter 1: warped positive: 11/315
voc-release5 bottle: iter 1: warped positive: 12/315
voc-release5 bottle: iter 1: warped positive: 13/315
voc-release5 bottle: iter 1: warped positive: 14/315
voc-release5 bottle: iter 1: warped positive: 15/315
voc-release5 bottle: iter 1: warped positive: 16/315
voc-release5 bottle: iter 1: warped positive: 17/315
voc-release5 bottle: iter 1: warped positive: 18/315
voc-release5 bottle: iter 1: warped positive: 19/315
voc-release5 bottle: iter 1: warped positive: 20/315
voc-release5 bottle: iter 1: warped positive: 21/315
voc-release5 bottle: iter 1: warped positive: 22/315
voc-release5 bottle: iter 1: warped positive: 23/315
voc-release5 bottle: iter 1: warped positive: 24/315
voc-release5 bottle: iter 1: warped positive: 25/315
voc-release5 bottle: iter 1: warped positive: 26/315
voc-release5 bottle: iter 1: warped positive: 27/315
voc-release5 bottle: iter 1: warped positive: 28/315
voc-release5 bottle: iter 1: warped positive: 29/315
voc-release5 bottle: iter 1: warped positive: 30/315
voc-release5 bottle: iter 1: warped positive: 31/315
voc-release5 bottle: iter 1: warped positive: 32/315
voc-release5 bottle: iter 1: warped positive: 33/315
voc-release5 bottle: iter 1: warped positive: 34/315
voc-release5 bottle: iter 1: warped positive: 35/315
voc-release5 bottle: iter 1: warped positive: 36/315
voc-release5 bottle: iter 1: warped positive: 37/315
voc-release5 bottle: iter 1: warped positive: 38/315
voc-release5 bottle: iter 1: warped positive: 39/315
voc-release5 bottle: iter 1: warped positive: 40/315
voc-release5 bottle: iter 1: warped positive: 41/315
voc-release5 bottle: iter 1: warped positive: 42/315
voc-release5 bottle: iter 1: warped positive: 43/315
voc-release5 bottle: iter 1: warped positive: 44/315
voc-release5 bottle: iter 1: warped positive: 45/315
voc-release5 bottle: iter 1: warped positive: 46/315
voc-release5 bottle: iter 1: warped positive: 47/315
voc-release5 bottle: iter 1: warped positive: 48/315
voc-release5 bottle: iter 1: warped positive: 49/315
voc-release5 bottle: iter 1: warped positive: 50/315
voc-release5 bottle: iter 1: warped positive: 51/315
voc-release5 bottle: iter 1: warped positive: 52/315
voc-release5 bottle: iter 1: warped positive: 53/315
voc-release5 bottle: iter 1: warped positive: 54/315
voc-release5 bottle: iter 1: warped positive: 55/315
voc-release5 bottle: iter 1: warped positive: 56/315
voc-release5 bottle: iter 1: warped positive: 57/315
voc-release5 bottle: iter 1: warped positive: 58/315
voc-release5 bottle: iter 1: warped positive: 59/315
voc-release5 bottle: iter 1: warped positive: 60/315
voc-release5 bottle: iter 1: warped positive: 61/315
voc-release5 bottle: iter 1: warped positive: 62/315
voc-release5 bottle: iter 1: warped positive: 63/315
voc-release5 bottle: iter 1: warped positive: 64/315
voc-release5 bottle: iter 1: warped positive: 65/315
voc-release5 bottle: iter 1: warped positive: 66/315
voc-release5 bottle: iter 1: warped positive: 67/315
voc-release5 bottle: iter 1: warped positive: 68/315
voc-release5 bottle: iter 1: warped positive: 69/315
voc-release5 bottle: iter 1: warped positive: 70/315
voc-release5 bottle: iter 1: warped positive: 71/315
voc-release5 bottle: iter 1: warped positive: 72/315
voc-release5 bottle: iter 1: warped positive: 73/315
voc-release5 bottle: iter 1: warped positive: 74/315
voc-release5 bottle: iter 1: warped positive: 75/315
voc-release5 bottle: iter 1: warped positive: 76/315
voc-release5 bottle: iter 1: warped positive: 77/315
voc-release5 bottle: iter 1: warped positive: 78/315
voc-release5 bottle: iter 1: warped positive: 79/315
voc-release5 bottle: iter 1: warped positive: 80/315
voc-release5 bottle: iter 1: warped positive: 81/315
voc-release5 bottle: iter 1: warped positive: 82/315
voc-release5 bottle: iter 1: warped positive: 83/315
voc-release5 bottle: iter 1: warped positive: 84/315
voc-release5 bottle: iter 1: warped positive: 85/315
voc-release5 bottle: iter 1: warped positive: 86/315
voc-release5 bottle: iter 1: warped positive: 87/315
voc-release5 bottle: iter 1: warped positive: 88/315
voc-release5 bottle: iter 1: warped positive: 89/315
voc-release5 bottle: iter 1: warped positive: 90/315
voc-release5 bottle: iter 1: warped positive: 91/315
voc-release5 bottle: iter 1: warped positive: 92/315
voc-release5 bottle: iter 1: warped positive: 93/315
voc-release5 bottle: iter 1: warped positive: 94/315
voc-release5 bottle: iter 1: warped positive: 95/315
voc-release5 bottle: iter 1: warped positive: 96/315
voc-release5 bottle: iter 1: warped positive: 97/315
voc-release5 bottle: iter 1: warped positive: 98/315
voc-release5 bottle: iter 1: warped positive: 99/315
voc-release5 bottle: iter 1: warped positive: 100/315
voc-release5 bottle: iter 1: warped positive: 101/315
voc-release5 bottle: iter 1: warped positive: 102/315
voc-release5 bottle: iter 1: warped positive: 103/315
voc-release5 bottle: iter 1: warped positive: 104/315
voc-release5 bottle: iter 1: warped positive: 105/315
voc-release5 bottle: iter 1: warped positive: 106/315
voc-release5 bottle: iter 1: warped positive: 107/315
voc-release5 bottle: iter 1: warped positive: 108/315
voc-release5 bottle: iter 1: warped positive: 109/315
voc-release5 bottle: iter 1: warped positive: 110/315
voc-release5 bottle: iter 1: warped positive: 111/315
voc-release5 bottle: iter 1: warped positive: 112/315
voc-release5 bottle: iter 1: warped positive: 113/315
voc-release5 bottle: iter 1: warped positive: 114/315
voc-release5 bottle: iter 1: warped positive: 115/315
voc-release5 bottle: iter 1: warped positive: 116/315
voc-release5 bottle: iter 1: warped positive: 117/315
voc-release5 bottle: iter 1: warped positive: 118/315
voc-release5 bottle: iter 1: warped positive: 119/315
voc-release5 bottle: iter 1: warped positive: 120/315
voc-release5 bottle: iter 1: warped positive: 121/315
voc-release5 bottle: iter 1: warped positive: 122/315
voc-release5 bottle: iter 1: warped positive: 123/315
voc-release5 bottle: iter 1: warped positive: 124/315
voc-release5 bottle: iter 1: warped positive: 125/315
voc-release5 bottle: iter 1: warped positive: 126/315
voc-release5 bottle: iter 1: warped positive: 127/315
voc-release5 bottle: iter 1: warped positive: 128/315
voc-release5 bottle: iter 1: warped positive: 129/315
voc-release5 bottle: iter 1: warped positive: 130/315
voc-release5 bottle: iter 1: warped positive: 131/315
voc-release5 bottle: iter 1: warped positive: 132/315
voc-release5 bottle: iter 1: warped positive: 133/315
voc-release5 bottle: iter 1: warped positive: 134/315
voc-release5 bottle: iter 1: warped positive: 135/315
voc-release5 bottle: iter 1: warped positive: 136/315
voc-release5 bottle: iter 1: warped positive: 137/315
voc-release5 bottle: iter 1: warped positive: 138/315
voc-release5 bottle: iter 1: warped positive: 139/315
voc-release5 bottle: iter 1: warped positive: 140/315
voc-release5 bottle: iter 1: warped positive: 141/315
voc-release5 bottle: iter 1: warped positive: 142/315
voc-release5 bottle: iter 1: warped positive: 143/315
voc-release5 bottle: iter 1: warped positive: 144/315
voc-release5 bottle: iter 1: warped positive: 145/315
voc-release5 bottle: iter 1: warped positive: 146/315
voc-release5 bottle: iter 1: warped positive: 147/315
voc-release5 bottle: iter 1: warped positive: 148/315
voc-release5 bottle: iter 1: warped positive: 149/315
voc-release5 bottle: iter 1: warped positive: 150/315
voc-release5 bottle: iter 1: warped positive: 151/315
voc-release5 bottle: iter 1: warped positive: 152/315
voc-release5 bottle: iter 1: warped positive: 153/315
voc-release5 bottle: iter 1: warped positive: 154/315
voc-release5 bottle: iter 1: warped positive: 155/315
voc-release5 bottle: iter 1: warped positive: 156/315
voc-release5 bottle: iter 1: warped positive: 157/315
voc-release5 bottle: iter 1: warped positive: 158/315
voc-release5 bottle: iter 1: warped positive: 159/315
voc-release5 bottle: iter 1: warped positive: 160/315
voc-release5 bottle: iter 1: warped positive: 161/315
voc-release5 bottle: iter 1: warped positive: 162/315
voc-release5 bottle: iter 1: warped positive: 163/315
voc-release5 bottle: iter 1: warped positive: 164/315
voc-release5 bottle: iter 1: warped positive: 165/315
voc-release5 bottle: iter 1: warped positive: 166/315
voc-release5 bottle: iter 1: warped positive: 167/315
voc-release5 bottle: iter 1: warped positive: 168/315
voc-release5 bottle: iter 1: warped positive: 169/315
voc-release5 bottle: iter 1: warped positive: 170/315
voc-release5 bottle: iter 1: warped positive: 171/315
voc-release5 bottle: iter 1: warped positive: 172/315
voc-release5 bottle: iter 1: warped positive: 173/315
voc-release5 bottle: iter 1: warped positive: 174/315
voc-release5 bottle: iter 1: warped positive: 175/315
voc-release5 bottle: iter 1: warped positive: 176/315
voc-release5 bottle: iter 1: warped positive: 177/315
voc-release5 bottle: iter 1: warped positive: 178/315
voc-release5 bottle: iter 1: warped positive: 179/315
voc-release5 bottle: iter 1: warped positive: 180/315
voc-release5 bottle: iter 1: warped positive: 181/315
voc-release5 bottle: iter 1: warped positive: 182/315
voc-release5 bottle: iter 1: warped positive: 183/315
voc-release5 bottle: iter 1: warped positive: 184/315
voc-release5 bottle: iter 1: warped positive: 185/315
voc-release5 bottle: iter 1: warped positive: 186/315
voc-release5 bottle: iter 1: warped positive: 187/315
voc-release5 bottle: iter 1: warped positive: 188/315
voc-release5 bottle: iter 1: warped positive: 189/315
voc-release5 bottle: iter 1: warped positive: 190/315
voc-release5 bottle: iter 1: warped positive: 191/315
voc-release5 bottle: iter 1: warped positive: 192/315
voc-release5 bottle: iter 1: warped positive: 193/315
voc-release5 bottle: iter 1: warped positive: 194/315
voc-release5 bottle: iter 1: warped positive: 195/315
voc-release5 bottle: iter 1: warped positive: 196/315
voc-release5 bottle: iter 1: warped positive: 197/315
voc-release5 bottle: iter 1: warped positive: 198/315
voc-release5 bottle: iter 1: warped positive: 199/315
voc-release5 bottle: iter 1: warped positive: 200/315
voc-release5 bottle: iter 1: warped positive: 201/315
voc-release5 bottle: iter 1: warped positive: 202/315
voc-release5 bottle: iter 1: warped positive: 203/315
voc-release5 bottle: iter 1: warped positive: 204/315
voc-release5 bottle: iter 1: warped positive: 205/315
voc-release5 bottle: iter 1: warped positive: 206/315
voc-release5 bottle: iter 1: warped positive: 207/315
voc-release5 bottle: iter 1: warped positive: 208/315
voc-release5 bottle: iter 1: warped positive: 209/315
voc-release5 bottle: iter 1: warped positive: 210/315
voc-release5 bottle: iter 1: warped positive: 211/315
voc-release5 bottle: iter 1: warped positive: 212/315
voc-release5 bottle: iter 1: warped positive: 213/315
voc-release5 bottle: iter 1: warped positive: 214/315
voc-release5 bottle: iter 1: warped positive: 215/315
voc-release5 bottle: iter 1: warped positive: 216/315
voc-release5 bottle: iter 1: warped positive: 217/315
voc-release5 bottle: iter 1: warped positive: 218/315
voc-release5 bottle: iter 1: warped positive: 219/315
voc-release5 bottle: iter 1: warped positive: 220/315
voc-release5 bottle: iter 1: warped positive: 221/315
voc-release5 bottle: iter 1: warped positive: 222/315
voc-release5 bottle: iter 1: warped positive: 223/315
voc-release5 bottle: iter 1: warped positive: 224/315
voc-release5 bottle: iter 1: warped positive: 225/315
voc-release5 bottle: iter 1: warped positive: 226/315
voc-release5 bottle: iter 1: warped positive: 227/315
voc-release5 bottle: iter 1: warped positive: 228/315
voc-release5 bottle: iter 1: warped positive: 229/315
voc-release5 bottle: iter 1: warped positive: 230/315
voc-release5 bottle: iter 1: warped positive: 231/315
voc-release5 bottle: iter 1: warped positive: 232/315
voc-release5 bottle: iter 1: warped positive: 233/315
voc-release5 bottle: iter 1: warped positive: 234/315
voc-release5 bottle: iter 1: warped positive: 235/315
voc-release5 bottle: iter 1: warped positive: 236/315
voc-release5 bottle: iter 1: warped positive: 237/315
voc-release5 bottle: iter 1: warped positive: 238/315
voc-release5 bottle: iter 1: warped positive: 239/315
voc-release5 bottle: iter 1: warped positive: 240/315
voc-release5 bottle: iter 1: warped positive: 241/315
voc-release5 bottle: iter 1: warped positive: 242/315
voc-release5 bottle: iter 1: warped positive: 243/315
voc-release5 bottle: iter 1: warped positive: 244/315
voc-release5 bottle: iter 1: warped positive: 245/315
voc-release5 bottle: iter 1: warped positive: 246/315
voc-release5 bottle: iter 1: warped positive: 247/315
voc-release5 bottle: iter 1: warped positive: 248/315
voc-release5 bottle: iter 1: warped positive: 249/315
voc-release5 bottle: iter 1: warped positive: 250/315
voc-release5 bottle: iter 1: warped positive: 251/315
voc-release5 bottle: iter 1: warped positive: 252/315
voc-release5 bottle: iter 1: warped positive: 253/315
voc-release5 bottle: iter 1: warped positive: 254/315
voc-release5 bottle: iter 1: warped positive: 255/315
voc-release5 bottle: iter 1: warped positive: 256/315
voc-release5 bottle: iter 1: warped positive: 257/315
voc-release5 bottle: iter 1: warped positive: 258/315
voc-release5 bottle: iter 1: warped positive: 259/315
voc-release5 bottle: iter 1: warped positive: 260/315
voc-release5 bottle: iter 1: warped positive: 261/315
voc-release5 bottle: iter 1: warped positive: 262/315
voc-release5 bottle: iter 1: warped positive: 263/315
voc-release5 bottle: iter 1: warped positive: 264/315
voc-release5 bottle: iter 1: warped positive: 265/315
voc-release5 bottle: iter 1: warped positive: 266/315
voc-release5 bottle: iter 1: warped positive: 267/315
voc-release5 bottle: iter 1: warped positive: 268/315
voc-release5 bottle: iter 1: warped positive: 269/315
voc-release5 bottle: iter 1: warped positive: 270/315
voc-release5 bottle: iter 1: warped positive: 271/315
voc-release5 bottle: iter 1: warped positive: 272/315
voc-release5 bottle: iter 1: warped positive: 273/315
voc-release5 bottle: iter 1: warped positive: 274/315
voc-release5 bottle: iter 1: warped positive: 275/315
voc-release5 bottle: iter 1: warped positive: 276/315
voc-release5 bottle: iter 1: warped positive: 277/315
voc-release5 bottle: iter 1: warped positive: 278/315
voc-release5 bottle: iter 1: warped positive: 279/315
voc-release5 bottle: iter 1: warped positive: 280/315
voc-release5 bottle: iter 1: warped positive: 281/315
voc-release5 bottle: iter 1: warped positive: 282/315
voc-release5 bottle: iter 1: warped positive: 283/315
voc-release5 bottle: iter 1: warped positive: 284/315
voc-release5 bottle: iter 1: warped positive: 285/315
voc-release5 bottle: iter 1: warped positive: 286/315
voc-release5 bottle: iter 1: warped positive: 287/315
voc-release5 bottle: iter 1: warped positive: 288/315
voc-release5 bottle: iter 1: warped positive: 289/315
voc-release5 bottle: iter 1: warped positive: 290/315
voc-release5 bottle: iter 1: warped positive: 291/315
voc-release5 bottle: iter 1: warped positive: 292/315
voc-release5 bottle: iter 1: warped positive: 293/315
voc-release5 bottle: iter 1: warped positive: 294/315
voc-release5 bottle: iter 1: warped positive: 295/315
voc-release5 bottle: iter 1: warped positive: 296/315
voc-release5 bottle: iter 1: warped positive: 297/315
voc-release5 bottle: iter 1: warped positive: 298/315
voc-release5 bottle: iter 1: warped positive: 299/315
voc-release5 bottle: iter 1: warped positive: 300/315
voc-release5 bottle: iter 1: warped positive: 301/315
voc-release5 bottle: iter 1: warped positive: 302/315
voc-release5 bottle: iter 1: warped positive: 303/315
voc-release5 bottle: iter 1: warped positive: 304/315
voc-release5 bottle: iter 1: warped positive: 305/315
voc-release5 bottle: iter 1: warped positive: 306/315
voc-release5 bottle: iter 1: warped positive: 307/315
voc-release5 bottle: iter 1: warped positive: 308/315
voc-release5 bottle: iter 1: warped positive: 309/315
voc-release5 bottle: iter 1: warped positive: 310/315
voc-release5 bottle: iter 1: warped positive: 311/315
voc-release5 bottle: iter 1: warped positive: 312/315
voc-release5 bottle: iter 1: warped positive: 313/315
voc-release5 bottle: iter 1: warped positive: 314/315
voc-release5 bottle: iter 1: warped positive: 315/315

Filter usage stats:
  filter 1 got 290/290 (100.00%) examples

Component usage stats:
  component 1 got 290/290 (100.00%) examples
voc-release5 iter: 1/1, neg iter 1/1
voc-release5 bottle: iter 1: random negatives: 1/5318
voc-release5 bottle: iter 1: random negatives: 33/5318
voc-release5 bottle: iter 1: random negatives: 71/5318
voc-release5 bottle: iter 1: random negatives: 110/5318
voc-release5 bottle: iter 1: random negatives: 147/5318
voc-release5 bottle: iter 1: random negatives: 189/5318
voc-release5 bottle: iter 1: random negatives: 229/5318
voc-release5 bottle: iter 1: random negatives: 267/5318
voc-release5 bottle: iter 1: random negatives: 305/5318
voc-release5 bottle: iter 1: random negatives: 343/5318
voc-release5 bottle: iter 1: random negatives: 381/5318
voc-release5 bottle: iter 1: random negatives: 419/5318
voc-release5 bottle: iter 1: random negatives: 451/5318
voc-release5 bottle: iter 1: random negatives: 489/5318
voc-release5 bottle: iter 1: random negatives: 527/5318
voc-release5 bottle: iter 1: random negatives: 565/5318
voc-release5 bottle: iter 1: random negatives: 605/5318
voc-release5 bottle: iter 1: random negatives: 642/5318
voc-release5 bottle: iter 1: random negatives: 677/5318
voc-release5 bottle: iter 1: random negatives: 710/5318
voc-release5 bottle: iter 1: random negatives: 746/5318
voc-release5 bottle: iter 1: random negatives: 782/5318
voc-release5 bottle: iter 1: random negatives: 820/5318
voc-release5 bottle: iter 1: random negatives: 858/5318
voc-release5 bottle: iter 1: random negatives: 896/5318
voc-release5 bottle: iter 1: random negatives: 935/5318
voc-release5 bottle: iter 1: random negatives: 974/5318
voc-release5 bottle: iter 1: random negatives: 1012/5318
voc-release5 bottle: iter 1: random negatives: 1049/5318
voc-release5 bottle: iter 1: random negatives: 1087/5318
voc-release5 bottle: iter 1: random negatives: 1125/5318
voc-release5 bottle: iter 1: random negatives: 1164/5318
{Operation terminated by user during <a href="matlab:helpUtils.errorDocCallback('train>negrandom', '/Users/rodrwan/Documents/Algorithms/tesis/voc-release5/train/train.m', 648)" style="font-weight:bold">train>negrandom</a> (<a href="matlab: opentoline('/Users/rodrwan/Documents/Algorithms/tesis/voc-release5/train/train.m',648,0)">line 648</a>)


In <a href="matlab:helpUtils.errorDocCallback('train', '/Users/rodrwan/Documents/Algorithms/tesis/voc-release5/train/train.m', 169)" style="font-weight:bold">train</a> (<a href="matlab: opentoline('/Users/rodrwan/Documents/Algorithms/tesis/voc-release5/train/train.m',169,0)">line 169</a>)
        [num_entries_added, num_examples_added] ...

In <a href="matlab:helpUtils.errorDocCallback('pascal_train', '/Users/rodrwan/Documents/Algorithms/tesis/voc-release5/train/pascal_train.m', 58)" style="font-weight:bold">pascal_train</a> (<a href="matlab: opentoline('/Users/rodrwan/Documents/Algorithms/tesis/voc-release5/train/pascal_train.m',58,0)">line 58</a>)
    models{i} = train(models{i}, spos{i}(inds), neg_large, true, true, 1, 1, ...

In <a href="matlab:helpUtils.errorDocCallback('pascal', '/Users/rodrwan/Documents/Algorithms/tesis/voc-release5/pascal.m', 49)" style="font-weight:bold">pascal</a> (<a href="matlab: opentoline('/Users/rodrwan/Documents/Algorithms/tesis/voc-release5/pascal.m',49,0)">line 49</a>)
model = pascal_train(cls, n, note);
} 
clc
load('/Users/rodrwan/Documents/Algorithms/tesis/voc-release5/2011/bottle_trainval_2011.mat')
im = imread('bottle.jpg');
bbox = process(im, model, -0.5);
{Undefined function or variable 'model'.
} 
bbox = process(im, mode, -0.5);
{Error using <a href="matlab:helpUtils.errorDocCallback('mode', '/Applications/MATLAB_R2013a.app/toolbox/matlab/datafun/mode.m', 58)" style="font-weight:bold">mode</a> (<a href="matlab: opentoline('/Applications/MATLAB_R2013a.app/toolbox/matlab/datafun/mode.m',58,0)">line 58</a>)
Not enough input arguments.
} 
clc
pascal('bottle', 4);
